0 info it worked if it ends with ok
1 verbose cli [ '/opt/local/bin/node',
1 verbose cli   '/opt/local/bin/npm',
1 verbose cli   'install',
1 verbose cli   '.',
1 verbose cli   '-g' ]
2 info using npm@1.4.16
3 info using node@v0.10.29
4 verbose cache add [ '.', null ]
5 verbose cache add name=undefined spec="." args=[".",null]
6 verbose parsed url { protocol: null,
6 verbose parsed url   slashes: null,
6 verbose parsed url   auth: null,
6 verbose parsed url   host: null,
6 verbose parsed url   port: null,
6 verbose parsed url   hostname: null,
6 verbose parsed url   hash: null,
6 verbose parsed url   search: null,
6 verbose parsed url   query: null,
6 verbose parsed url   pathname: '.',
6 verbose parsed url   path: '.',
6 verbose parsed url   href: '.' }
7 silly lockFile 3a52ce78- .
8 verbose lock . /Users/mpermien/.npm/3a52ce78-.lock
9 verbose tar pack [ '/Users/mpermien/.npm/grunt-git-revision-count/0.0.1/package.tgz',
9 verbose tar pack   '.' ]
10 verbose tarball /Users/mpermien/.npm/grunt-git-revision-count/0.0.1/package.tgz
11 verbose folder .
12 info prepublish grunt-git-revision-count@0.0.1
13 silly lockFile 1f1177db-tar tar://.
14 verbose lock tar://. /Users/mpermien/.npm/1f1177db-tar.lock
15 silly lockFile 2f212693-revision-count-0-0-1-package-tgz tar:///Users/mpermien/.npm/grunt-git-revision-count/0.0.1/package.tgz
16 verbose lock tar:///Users/mpermien/.npm/grunt-git-revision-count/0.0.1/package.tgz /Users/mpermien/.npm/2f212693-revision-count-0-0-1-package-tgz.lock
17 silly lockFile 1f1177db-tar tar://.
18 silly lockFile 1f1177db-tar tar://.
19 silly lockFile 2f212693-revision-count-0-0-1-package-tgz tar:///Users/mpermien/.npm/grunt-git-revision-count/0.0.1/package.tgz
20 silly lockFile 2f212693-revision-count-0-0-1-package-tgz tar:///Users/mpermien/.npm/grunt-git-revision-count/0.0.1/package.tgz
21 silly lockFile 2a790163-git-revision-count-0-0-1-package /Users/mpermien/.npm/grunt-git-revision-count/0.0.1/package
22 verbose lock /Users/mpermien/.npm/grunt-git-revision-count/0.0.1/package /Users/mpermien/.npm/2a790163-git-revision-count-0-0-1-package.lock
23 silly lockFile 2a790163-git-revision-count-0-0-1-package /Users/mpermien/.npm/grunt-git-revision-count/0.0.1/package
24 silly lockFile 2a790163-git-revision-count-0-0-1-package /Users/mpermien/.npm/grunt-git-revision-count/0.0.1/package
25 silly lockFile 3a52ce78- .
26 silly lockFile 3a52ce78- .
27 silly resolved [ { name: 'grunt-git-revision-count',
27 silly resolved     description: 'Get current Git revision count',
27 silly resolved     version: '0.0.1',
27 silly resolved     homepage: '',
27 silly resolved     author:
27 silly resolved      { name: 'Matthias Permien',
27 silly resolved        email: 'matthias.permien@denkwerk.com' },
27 silly resolved     licenses: [ [Object] ],
27 silly resolved     main: 'Gruntfile.js',
27 silly resolved     engines: { node: '>= 0.8.0' },
27 silly resolved     scripts: { test: 'grunt test' },
27 silly resolved     devDependencies: { 'grunt-contrib-jshint': '~0.6.0', grunt: '~0.4.1' },
27 silly resolved     peerDependencies: { grunt: '~0.4.1' },
27 silly resolved     keywords: [ 'gruntplugin' ],
27 silly resolved     readme: '# grunt-git-revision-count\n\n> Get current Git revision count\n\n## Getting Started\nThis plugin requires Grunt `~0.4.1`\n\nIf you haven\'t used [Grunt](http://gruntjs.com/) before, be sure to check out the [Getting Started](http://gruntjs.com/getting-started) guide, as it explains how to create a [Gruntfile](http://gruntjs.com/sample-gruntfile) as well as install and use Grunt plugins. Once you\'re familiar with that process, you may install this plugin with this command:\n\n```shell\nnpm install grunt-git-revision-count --save-dev\n```\n\nOnce the plugin has been installed, it may be enabled inside your Gruntfile with this line of JavaScript:\n\n```js\ngrunt.loadNpmTasks(\'grunt-git-revision-count\');\n```\n\n## The "revision" task\n\n### Overview\nIn your project\'s Gruntfile, add a section named `revision-count` to the data object passed into `grunt.initConfig()`.\n\n```js\ngrunt.initConfig({\n  \'revision-count\': {\n    options: {\n      property: \'revision-count\',\n      ref: \'HEAD\'\n    }\n  },\n})\n```\n\n### Options\n\n#### options.property\nType: `String`\nDefault value: `\'revision-count\'`\n\nTarget configuration property\n\n#### options.ref\nType: `String`\nDefault value: `\'HEAD\'`\n\nWhat ref to read the revision count from.\n\n### Usage Examples\n\n```js\ngrunt.initConfig({\n  preprocess: {\n    options: {\n      context: {\n        revision: \'<%= revision-count %>\'\n      }\n    }\n  }\n})\n```\n\n## Contributing\nIn lieu of a formal styleguide, take care to maintain the existing coding style. Add unit tests for any new or changed functionality. Lint and test your code using [Grunt](http://gruntjs.com/).\n\n## Release History\nThis plugin is based on the [grunt-git-revision](https://github.com/unfold/grunt-git-revision) plugin by Simen Brekken\n',
27 silly resolved     readmeFilename: 'README.md',
27 silly resolved     _id: 'grunt-git-revision-count@0.0.1',
27 silly resolved     _shasum: '928c8166c920455a9132657c83c9932f767b9743',
27 silly resolved     _from: '.' } ]
28 info install grunt-git-revision-count@0.0.1 into /opt/local/lib
29 info installOne grunt-git-revision-count@0.0.1
30 verbose lib/node_modules/grunt-git-revision-count unbuild
31 verbose tar unpack /Users/mpermien/.npm/grunt-git-revision-count/0.0.1/package.tgz
32 silly lockFile 3d2271e5-modules-grunt-git-revision-count tar:///opt/local/lib/node_modules/grunt-git-revision-count
33 verbose lock tar:///opt/local/lib/node_modules/grunt-git-revision-count /Users/mpermien/.npm/3d2271e5-modules-grunt-git-revision-count.lock
34 silly lockFile 2f212693-revision-count-0-0-1-package-tgz tar:///Users/mpermien/.npm/grunt-git-revision-count/0.0.1/package.tgz
35 verbose lock tar:///Users/mpermien/.npm/grunt-git-revision-count/0.0.1/package.tgz /Users/mpermien/.npm/2f212693-revision-count-0-0-1-package-tgz.lock
36 silly gunzTarPerm modes [ '755', '644' ]
37 error Error: EACCES, mkdir '/opt/local/lib/node_modules/grunt-git-revision-count'
37 error  { [Error: EACCES, mkdir '/opt/local/lib/node_modules/grunt-git-revision-count']
37 error   errno: 3,
37 error   code: 'EACCES',
37 error   path: '/opt/local/lib/node_modules/grunt-git-revision-count',
37 error   fstream_type: 'Directory',
37 error   fstream_path: '/opt/local/lib/node_modules/grunt-git-revision-count',
37 error   fstream_class: 'DirWriter',
37 error   fstream_stack:
37 error    [ '/opt/local/lib/node_modules/npm/node_modules/fstream/lib/dir-writer.js:36:23',
37 error      '/opt/local/lib/node_modules/npm/node_modules/mkdirp/index.js:37:53',
37 error      'Object.oncomplete (fs.js:107:15)' ] }
38 error Please try running this command again as root/Administrator.
39 error System Darwin 13.4.0
40 error command "/opt/local/bin/node" "/opt/local/bin/npm" "install" "." "-g"
41 error cwd /Users/mpermien/work/DEKA/deka.de/dev/htdocs/node_modules/grunt-git-revision-count
42 error node -v v0.10.29
43 error npm -v 1.4.16
44 error path /opt/local/lib/node_modules/grunt-git-revision-count
45 error fstream_path /opt/local/lib/node_modules/grunt-git-revision-count
46 error fstream_type Directory
47 error fstream_class DirWriter
48 error code EACCES
49 error errno 3
50 error stack Error: EACCES, mkdir '/opt/local/lib/node_modules/grunt-git-revision-count'
51 error fstream_stack /opt/local/lib/node_modules/npm/node_modules/fstream/lib/dir-writer.js:36:23
51 error fstream_stack /opt/local/lib/node_modules/npm/node_modules/mkdirp/index.js:37:53
51 error fstream_stack Object.oncomplete (fs.js:107:15)
52 verbose exit [ 3, true ]
